CRITICAL - 2021-01-11 04:29:38 --> Illegal offset type in isset or empty
#0 /Users/etienne/Web/Projets/api-bde/app/ThirdParty/Firebase/JWT/JWT.php(200): CodeIgniter\Debug\Exceptions->errorHandler(2, 'Illegal offset ...', '/Users/etienne/...', 200, Array)
#1 /Users/etienne/Web/Projets/api-bde/app/ThirdParty/Firebase/JWT/JWT.php(180): Firebase\JWT\JWT::sign('eyJ0eXAiOiJKV1Q...', '-----BEGIN PRIV...', Array)
#2 /Users/etienne/Web/Projets/api-bde/app/Controllers/Auth.php(174): Firebase\JWT\JWT::encode(Array, '-----BEGIN PRIV...', Array)
#3 /Users/etienne/Web/Projets/api-bde/vendor/codeigniter4/framework/system/CodeIgniter.php(918): App\Controllers\Auth->login()
#4 /Users/etienne/Web/Projets/api-bde/vendor/codeigniter4/framework/system/CodeIgniter.php(404): CodeIgniter\CodeIgniter->runController(Object(App\Controllers\Auth))
#5 /Users/etienne/Web/Projets/api-bde/vendor/codeigniter4/framework/system/CodeIgniter.php(312): CodeIgniter\CodeIgniter->handleRequest(NULL, Object(Config\Cache), false)
#6 /Users/etienne/Web/Projets/api-bde/public/index.php(45): CodeIgniter\CodeIgniter->run()
#7 /Users/etienne/Web/Projets/api-bde/vendor/codeigniter4/framework/system/Commands/Server/rewrite.php(34): require_once('/Users/etienne/...')
#8 {main}
CRITICAL - 2021-01-11 04:30:48 --> openssl_verify(): supplied key param cannot be coerced into a public key
#0 [internal function]: CodeIgniter\Debug\Exceptions->errorHandler(2, 'openssl_verify(...', '/Users/etienne/...', 243, Array)
#1 /Users/etienne/Web/Projets/api-bde/app/ThirdParty/Firebase/JWT/JWT.php(243): openssl_verify('eyJ0eXAiOiJKV1Q...', '#\xDBs\x1F\x9E\x95z\x94h\x10\xD9\x82\xF7\xC9\xB6...', '-----BEGIN PRIV...', 'SHA256')
#2 /Users/etienne/Web/Projets/api-bde/app/ThirdParty/Firebase/JWT/JWT.php(121): Firebase\JWT\JWT::verify('eyJ0eXAiOiJKV1Q...', '#\xDBs\x1F\x9E\x95z\x94h\x10\xD9\x82\xF7\xC9\xB6...', '-----BEGIN PRIV...', 'RS256')
#3 /Users/etienne/Web/Projets/api-bde/app/Controllers/Auth.php(177): Firebase\JWT\JWT::decode('eyJ0eXAiOiJKV1Q...', '-----BEGIN PRIV...', Array)
#4 /Users/etienne/Web/Projets/api-bde/vendor/codeigniter4/framework/system/CodeIgniter.php(918): App\Controllers\Auth->login()
#5 /Users/etienne/Web/Projets/api-bde/vendor/codeigniter4/framework/system/CodeIgniter.php(404): CodeIgniter\CodeIgniter->runController(Object(App\Controllers\Auth))
#6 /Users/etienne/Web/Projets/api-bde/vendor/codeigniter4/framework/system/CodeIgniter.php(312): CodeIgniter\CodeIgniter->handleRequest(NULL, Object(Config\Cache), false)
#7 /Users/etienne/Web/Projets/api-bde/public/index.php(45): CodeIgniter\CodeIgniter->run()
#8 /Users/etienne/Web/Projets/api-bde/vendor/codeigniter4/framework/system/Commands/Server/rewrite.php(34): require_once('/Users/etienne/...')
#9 {main}
CRITICAL - 2021-01-11 04:30:48 --> Uncaught CodeIgniter\Format\Exceptions\FormatException: Failed to parse json string, error: "Malformed UTF-8 characters, possibly incorrectly encoded". in /Users/etienne/Web/Projets/api-bde/vendor/codeigniter4/framework/system/Format/Exceptions/FormatException.php:9
Stack trace:
#0 /Users/etienne/Web/Projets/api-bde/vendor/codeigniter4/framework/system/Format/JSONFormatter.php(71): CodeIgniter\Format\Exceptions\FormatException::forInvalidJSON('Malformed UTF-8...')
#1 /Users/etienne/Web/Projets/api-bde/vendor/codeigniter4/framework/system/API/ResponseTrait.php(414): CodeIgniter\Format\JSONFormatter->format(Array)
#2 /Users/etienne/Web/Projets/api-bde/vendor/codeigniter4/framework/system/API/ResponseTrait.php(134): CodeIgniter\Debug\Exceptions->format(Array)
#3 /Users/etienne/Web/Projets/api-bde/vendor/codeigniter4/framework/system/Debug/Exceptions.php(168): CodeIgniter\Debug\Exceptions->respond(Array, 500)
#4 [internal function]: CodeIgniter\Debug\Exceptions->exceptionHandler(Object(ErrorException))
#5 {main}

#0 [internal function]: CodeIgniter\Debug\Exceptions->shutdownHandler()
#1 {main}
CRITICAL - 2021-01-11 07:41:45 --> Cannot use object of type stdClass as array
#0 /Users/etienne/Web/Projets/api-bde/vendor/codeigniter4/framework/system/CodeIgniter.php(918): App\Controllers\Auth->login()
#1 /Users/etienne/Web/Projets/api-bde/vendor/codeigniter4/framework/system/CodeIgniter.php(404): CodeIgniter\CodeIgniter->runController(Object(App\Controllers\Auth))
#2 /Users/etienne/Web/Projets/api-bde/vendor/codeigniter4/framework/system/CodeIgniter.php(312): CodeIgniter\CodeIgniter->handleRequest(NULL, Object(Config\Cache), false)
#3 /Users/etienne/Web/Projets/api-bde/public/index.php(45): CodeIgniter\CodeIgniter->run()
#4 /Users/etienne/Web/Projets/api-bde/vendor/codeigniter4/framework/system/Commands/Server/rewrite.php(34): require_once('/Users/etienne/...')
#5 {main}
CRITICAL - 2021-01-11 07:42:24 --> Cannot use object of type stdClass as array
#0 /Users/etienne/Web/Projets/api-bde/vendor/codeigniter4/framework/system/CodeIgniter.php(918): App\Controllers\Auth->login()
#1 /Users/etienne/Web/Projets/api-bde/vendor/codeigniter4/framework/system/CodeIgniter.php(404): CodeIgniter\CodeIgniter->runController(Object(App\Controllers\Auth))
#2 /Users/etienne/Web/Projets/api-bde/vendor/codeigniter4/framework/system/CodeIgniter.php(312): CodeIgniter\CodeIgniter->handleRequest(NULL, Object(Config\Cache), false)
#3 /Users/etienne/Web/Projets/api-bde/public/index.php(45): CodeIgniter\CodeIgniter->run()
#4 /Users/etienne/Web/Projets/api-bde/vendor/codeigniter4/framework/system/Commands/Server/rewrite.php(34): require_once('/Users/etienne/...')
#5 {main}
CRITICAL - 2021-01-11 07:43:11 --> json_decode() expects parameter 1 to be string, object given
#0 [internal function]: CodeIgniter\Debug\Exceptions->errorHandler(2, 'json_decode() e...', '/Users/etienne/...', 179, Array)
#1 /Users/etienne/Web/Projets/api-bde/app/Controllers/Auth.php(179): json_decode(Object(stdClass))
#2 /Users/etienne/Web/Projets/api-bde/vendor/codeigniter4/framework/system/CodeIgniter.php(918): App\Controllers\Auth->login()
#3 /Users/etienne/Web/Projets/api-bde/vendor/codeigniter4/framework/system/CodeIgniter.php(404): CodeIgniter\CodeIgniter->runController(Object(App\Controllers\Auth))
#4 /Users/etienne/Web/Projets/api-bde/vendor/codeigniter4/framework/system/CodeIgniter.php(312): CodeIgniter\CodeIgniter->handleRequest(NULL, Object(Config\Cache), false)
#5 /Users/etienne/Web/Projets/api-bde/public/index.php(45): CodeIgniter\CodeIgniter->run()
#6 /Users/etienne/Web/Projets/api-bde/vendor/codeigniter4/framework/system/Commands/Server/rewrite.php(34): require_once('/Users/etienne/...')
#7 {main}
CRITICAL - 2021-01-11 08:56:32 --> Algorithm not allowed
#0 /Users/etienne/Web/Projets/api-bde/app/Controllers/Auth.php(171): Firebase\JWT\JWT::decode('eyJ0eXAiOiJKV1Q...', Array)
#1 /Users/etienne/Web/Projets/api-bde/app/Controllers/Auth.php(102): App\Controllers\Auth->generate_jwt(Array)
#2 /Users/etienne/Web/Projets/api-bde/vendor/codeigniter4/framework/system/CodeIgniter.php(918): App\Controllers\Auth->login()
#3 /Users/etienne/Web/Projets/api-bde/vendor/codeigniter4/framework/system/CodeIgniter.php(404): CodeIgniter\CodeIgniter->runController(Object(App\Controllers\Auth))
#4 /Users/etienne/Web/Projets/api-bde/vendor/codeigniter4/framework/system/CodeIgniter.php(312): CodeIgniter\CodeIgniter->handleRequest(NULL, Object(Config\Cache), false)
#5 /Users/etienne/Web/Projets/api-bde/public/index.php(45): CodeIgniter\CodeIgniter->run()
#6 /Users/etienne/Web/Projets/api-bde/vendor/codeigniter4/framework/system/Commands/Server/rewrite.php(34): require_once('/Users/etienne/...')
#7 {main}
CRITICAL - 2021-01-11 09:12:10 --> openssl_sign(): supplied key param cannot be coerced into a private key
#0 [internal function]: CodeIgniter\Debug\Exceptions->errorHandler(2, 'openssl_sign():...', '/Users/etienne/...', 209, Array)
#1 /Users/etienne/Web/Projets/api-bde/app/ThirdParty/Firebase/JWT/JWT.php(209): openssl_sign('eyJ0eXAiOiJKV1Q...', '', '\n            MI...', 'SHA256')
#2 /Users/etienne/Web/Projets/api-bde/app/ThirdParty/Firebase/JWT/JWT.php(180): Firebase\JWT\JWT::sign('eyJ0eXAiOiJKV1Q...', '\n            MI...', 'RS256')
#3 /Users/etienne/Web/Projets/api-bde/app/Controllers/Auth.php(166): Firebase\JWT\JWT::encode(Array, '\n            MI...', 'RS256')
#4 /Users/etienne/Web/Projets/api-bde/app/Controllers/Auth.php(102): App\Controllers\Auth->generate_jwt(Array)
#5 /Users/etienne/Web/Projets/api-bde/vendor/codeigniter4/framework/system/CodeIgniter.php(918): App\Controllers\Auth->login()
#6 /Users/etienne/Web/Projets/api-bde/vendor/codeigniter4/framework/system/CodeIgniter.php(404): CodeIgniter\CodeIgniter->runController(Object(App\Controllers\Auth))
#7 /Users/etienne/Web/Projets/api-bde/vendor/codeigniter4/framework/system/CodeIgniter.php(312): CodeIgniter\CodeIgniter->handleRequest(NULL, Object(Config\Cache), false)
#8 /Users/etienne/Web/Projets/api-bde/public/index.php(45): CodeIgniter\CodeIgniter->run()
#9 /Users/etienne/Web/Projets/api-bde/vendor/codeigniter4/framework/system/Commands/Server/rewrite.php(34): require_once('/Users/etienne/...')
#10 {main}
CRITICAL - 2021-01-11 09:12:55 --> openssl_sign(): supplied key param cannot be coerced into a private key
#0 [internal function]: CodeIgniter\Debug\Exceptions->errorHandler(2, 'openssl_sign():...', '/Users/etienne/...', 209, Array)
#1 /Users/etienne/Web/Projets/api-bde/app/ThirdParty/Firebase/JWT/JWT.php(209): openssl_sign('eyJ0eXAiOiJKV1Q...', '', '\n            MI...', 'SHA256')
#2 /Users/etienne/Web/Projets/api-bde/app/ThirdParty/Firebase/JWT/JWT.php(180): Firebase\JWT\JWT::sign('eyJ0eXAiOiJKV1Q...', '\n            MI...', 'RS256')
#3 /Users/etienne/Web/Projets/api-bde/app/Controllers/Auth.php(166): Firebase\JWT\JWT::encode(Array, '\n            MI...', 'RS256')
#4 /Users/etienne/Web/Projets/api-bde/app/Controllers/Auth.php(102): App\Controllers\Auth->generate_jwt(Array)
#5 /Users/etienne/Web/Projets/api-bde/vendor/codeigniter4/framework/system/CodeIgniter.php(918): App\Controllers\Auth->login()
#6 /Users/etienne/Web/Projets/api-bde/vendor/codeigniter4/framework/system/CodeIgniter.php(404): CodeIgniter\CodeIgniter->runController(Object(App\Controllers\Auth))
#7 /Users/etienne/Web/Projets/api-bde/vendor/codeigniter4/framework/system/CodeIgniter.php(312): CodeIgniter\CodeIgniter->handleRequest(NULL, Object(Config\Cache), false)
#8 /Users/etienne/Web/Projets/api-bde/public/index.php(45): CodeIgniter\CodeIgniter->run()
#9 /Users/etienne/Web/Projets/api-bde/vendor/codeigniter4/framework/system/Commands/Server/rewrite.php(34): require_once('/Users/etienne/...')
#10 {main}
CRITICAL - 2021-01-11 09:13:56 --> openssl_sign(): supplied key param cannot be coerced into a private key
#0 [internal function]: CodeIgniter\Debug\Exceptions->errorHandler(2, 'openssl_sign():...', '/Users/etienne/...', 209, Array)
#1 /Users/etienne/Web/Projets/api-bde/app/ThirdParty/Firebase/JWT/JWT.php(209): openssl_sign('eyJ0eXAiOiJKV1Q...', '', '    MIIEvQIBADA...', 'SHA256')
#2 /Users/etienne/Web/Projets/api-bde/app/ThirdParty/Firebase/JWT/JWT.php(180): Firebase\JWT\JWT::sign('eyJ0eXAiOiJKV1Q...', '    MIIEvQIBADA...', 'RS256')
#3 /Users/etienne/Web/Projets/api-bde/app/Controllers/Auth.php(166): Firebase\JWT\JWT::encode(Array, '    MIIEvQIBADA...', 'RS256')
#4 /Users/etienne/Web/Projets/api-bde/app/Controllers/Auth.php(102): App\Controllers\Auth->generate_jwt(Array)
#5 /Users/etienne/Web/Projets/api-bde/vendor/codeigniter4/framework/system/CodeIgniter.php(918): App\Controllers\Auth->login()
#6 /Users/etienne/Web/Projets/api-bde/vendor/codeigniter4/framework/system/CodeIgniter.php(404): CodeIgniter\CodeIgniter->runController(Object(App\Controllers\Auth))
#7 /Users/etienne/Web/Projets/api-bde/vendor/codeigniter4/framework/system/CodeIgniter.php(312): CodeIgniter\CodeIgniter->handleRequest(NULL, Object(Config\Cache), false)
#8 /Users/etienne/Web/Projets/api-bde/public/index.php(45): CodeIgniter\CodeIgniter->run()
#9 /Users/etienne/Web/Projets/api-bde/vendor/codeigniter4/framework/system/Commands/Server/rewrite.php(34): require_once('/Users/etienne/...')
#10 {main}
CRITICAL - 2021-01-11 09:14:02 --> openssl_sign(): supplied key param cannot be coerced into a private key
#0 [internal function]: CodeIgniter\Debug\Exceptions->errorHandler(2, 'openssl_sign():...', '/Users/etienne/...', 209, Array)
#1 /Users/etienne/Web/Projets/api-bde/app/ThirdParty/Firebase/JWT/JWT.php(209): openssl_sign('eyJ0eXAiOiJKV1Q...', '', '    MIIEvQIBADA...', 'SHA256')
#2 /Users/etienne/Web/Projets/api-bde/app/ThirdParty/Firebase/JWT/JWT.php(180): Firebase\JWT\JWT::sign('eyJ0eXAiOiJKV1Q...', '    MIIEvQIBADA...', 'RS256')
#3 /Users/etienne/Web/Projets/api-bde/app/Controllers/Auth.php(166): Firebase\JWT\JWT::encode(Array, '    MIIEvQIBADA...', 'RS256')
#4 /Users/etienne/Web/Projets/api-bde/app/Controllers/Auth.php(102): App\Controllers\Auth->generate_jwt(Array)
#5 /Users/etienne/Web/Projets/api-bde/vendor/codeigniter4/framework/system/CodeIgniter.php(918): App\Controllers\Auth->login()
#6 /Users/etienne/Web/Projets/api-bde/vendor/codeigniter4/framework/system/CodeIgniter.php(404): CodeIgniter\CodeIgniter->runController(Object(App\Controllers\Auth))
#7 /Users/etienne/Web/Projets/api-bde/vendor/codeigniter4/framework/system/CodeIgniter.php(312): CodeIgniter\CodeIgniter->handleRequest(NULL, Object(Config\Cache), false)
#8 /Users/etienne/Web/Projets/api-bde/public/index.php(45): CodeIgniter\CodeIgniter->run()
#9 /Users/etienne/Web/Projets/api-bde/vendor/codeigniter4/framework/system/Commands/Server/rewrite.php(34): require_once('/Users/etienne/...')
#10 {main}
CRITICAL - 2021-01-11 09:38:15 --> openssl_verify(): supplied key param cannot be coerced into a public key
#0 [internal function]: CodeIgniter\Debug\Exceptions->errorHandler(2, 'openssl_verify(...', '/Users/etienne/...', 243, Array)
#1 /Users/etienne/Web/Projets/api-bde/app/ThirdParty/Firebase/JWT/JWT.php(243): openssl_verify('eyJ0eXAiOiJKV1Q...', '\x19\x94\xAD\xAF\xE1\x9FA5\xF2\xE7K6\xDAGZ...', '-----BEGIN PRIV...', 'SHA256')
#2 /Users/etienne/Web/Projets/api-bde/app/ThirdParty/Firebase/JWT/JWT.php(121): Firebase\JWT\JWT::verify('eyJ0eXAiOiJKV1Q...', '\x19\x94\xAD\xAF\xE1\x9FA5\xF2\xE7K6\xDAGZ...', '-----BEGIN PRIV...', 'RS256')
#3 /Users/etienne/Web/Projets/api-bde/app/Controllers/Auth.php(159): Firebase\JWT\JWT::decode('eyJ0eXAiOiJKV1Q...', '-----BEGIN PRIV...', Array)
#4 /Users/etienne/Web/Projets/api-bde/app/Controllers/Auth.php(102): App\Controllers\Auth->generate_jwt(Array)
#5 /Users/etienne/Web/Projets/api-bde/vendor/codeigniter4/framework/system/CodeIgniter.php(918): App\Controllers\Auth->login()
#6 /Users/etienne/Web/Projets/api-bde/vendor/codeigniter4/framework/system/CodeIgniter.php(404): CodeIgniter\CodeIgniter->runController(Object(App\Controllers\Auth))
#7 /Users/etienne/Web/Projets/api-bde/vendor/codeigniter4/framework/system/CodeIgniter.php(312): CodeIgniter\CodeIgniter->handleRequest(NULL, Object(Config\Cache), false)
#8 /Users/etienne/Web/Projets/api-bde/public/index.php(45): CodeIgniter\CodeIgniter->run()
#9 /Users/etienne/Web/Projets/api-bde/vendor/codeigniter4/framework/system/Commands/Server/rewrite.php(34): require_once('/Users/etienne/...')
#10 {main}
CRITICAL - 2021-01-11 09:38:15 --> Uncaught CodeIgniter\Format\Exceptions\FormatException: Failed to parse json string, error: "Malformed UTF-8 characters, possibly incorrectly encoded". in /Users/etienne/Web/Projets/api-bde/vendor/codeigniter4/framework/system/Format/Exceptions/FormatException.php:9
Stack trace:
#0 /Users/etienne/Web/Projets/api-bde/vendor/codeigniter4/framework/system/Format/JSONFormatter.php(71): CodeIgniter\Format\Exceptions\FormatException::forInvalidJSON('Malformed UTF-8...')
#1 /Users/etienne/Web/Projets/api-bde/vendor/codeigniter4/framework/system/API/ResponseTrait.php(414): CodeIgniter\Format\JSONFormatter->format(Array)
#2 /Users/etienne/Web/Projets/api-bde/vendor/codeigniter4/framework/system/API/ResponseTrait.php(134): CodeIgniter\Debug\Exceptions->format(Array)
#3 /Users/etienne/Web/Projets/api-bde/vendor/codeigniter4/framework/system/Debug/Exceptions.php(168): CodeIgniter\Debug\Exceptions->respond(Array, 500)
#4 [internal function]: CodeIgniter\Debug\Exceptions->exceptionHandler(Object(ErrorException))
#5 {main}

#0 [internal function]: CodeIgniter\Debug\Exceptions->shutdownHandler()
#1 {main}
