CRITICAL - 2021-01-08 09:46:45 --> Trying to access array offset on value of type null
#0 /Users/etienne/Web/Projets/api-bde/app/Controllers/Auth.php(64): CodeIgniter\Debug\Exceptions->errorHandler(8, 'Trying to acces...', '/Users/etienne/...', 64, Array)
#1 /Users/etienne/Web/Projets/api-bde/vendor/codeigniter4/framework/system/CodeIgniter.php(918): App\Controllers\Auth->register('4156a84ee34ee9d...')
#2 /Users/etienne/Web/Projets/api-bde/vendor/codeigniter4/framework/system/CodeIgniter.php(404): CodeIgniter\CodeIgniter->runController(Object(App\Controllers\Auth))
#3 /Users/etienne/Web/Projets/api-bde/vendor/codeigniter4/framework/system/CodeIgniter.php(312): CodeIgniter\CodeIgniter->handleRequest(NULL, Object(Config\Cache), false)
#4 /Users/etienne/Web/Projets/api-bde/public/index.php(45): CodeIgniter\CodeIgniter->run()
#5 /Users/etienne/Web/Projets/api-bde/vendor/codeigniter4/framework/system/Commands/Server/rewrite.php(34): require_once('/Users/etienne/...')
#6 {main}
CRITICAL - 2021-01-08 09:47:28 --> Trying to access array offset on value of type null
#0 /Users/etienne/Web/Projets/api-bde/app/Controllers/Auth.php(64): CodeIgniter\Debug\Exceptions->errorHandler(8, 'Trying to acces...', '/Users/etienne/...', 64, Array)
#1 /Users/etienne/Web/Projets/api-bde/vendor/codeigniter4/framework/system/CodeIgniter.php(918): App\Controllers\Auth->register('4156a84ee34ee9d...')
#2 /Users/etienne/Web/Projets/api-bde/vendor/codeigniter4/framework/system/CodeIgniter.php(404): CodeIgniter\CodeIgniter->runController(Object(App\Controllers\Auth))
#3 /Users/etienne/Web/Projets/api-bde/vendor/codeigniter4/framework/system/CodeIgniter.php(312): CodeIgniter\CodeIgniter->handleRequest(NULL, Object(Config\Cache), false)
#4 /Users/etienne/Web/Projets/api-bde/public/index.php(45): CodeIgniter\CodeIgniter->run()
#5 /Users/etienne/Web/Projets/api-bde/vendor/codeigniter4/framework/system/Commands/Server/rewrite.php(34): require_once('/Users/etienne/...')
#6 {main}
CRITICAL - 2021-01-08 09:47:31 --> Trying to access array offset on value of type null
#0 /Users/etienne/Web/Projets/api-bde/app/Controllers/Auth.php(64): CodeIgniter\Debug\Exceptions->errorHandler(8, 'Trying to acces...', '/Users/etienne/...', 64, Array)
#1 /Users/etienne/Web/Projets/api-bde/vendor/codeigniter4/framework/system/CodeIgniter.php(918): App\Controllers\Auth->register('4156a84ee34ee9d...')
#2 /Users/etienne/Web/Projets/api-bde/vendor/codeigniter4/framework/system/CodeIgniter.php(404): CodeIgniter\CodeIgniter->runController(Object(App\Controllers\Auth))
#3 /Users/etienne/Web/Projets/api-bde/vendor/codeigniter4/framework/system/CodeIgniter.php(312): CodeIgniter\CodeIgniter->handleRequest(NULL, Object(Config\Cache), false)
#4 /Users/etienne/Web/Projets/api-bde/public/index.php(45): CodeIgniter\CodeIgniter->run()
#5 /Users/etienne/Web/Projets/api-bde/vendor/codeigniter4/framework/system/Commands/Server/rewrite.php(34): require_once('/Users/etienne/...')
#6 {main}
CRITICAL - 2021-01-08 09:52:05 --> json_decode() expects parameter 1 to be string, array given
#0 [internal function]: CodeIgniter\Debug\Exceptions->errorHandler(2, 'json_decode() e...', '/Users/etienne/...', 93, Array)
#1 /Users/etienne/Web/Projets/api-bde/app/Controllers/Auth.php(93): json_decode(Array)
#2 /Users/etienne/Web/Projets/api-bde/vendor/codeigniter4/framework/system/CodeIgniter.php(918): App\Controllers\Auth->register('d55a12c9252ffd3...')
#3 /Users/etienne/Web/Projets/api-bde/vendor/codeigniter4/framework/system/CodeIgniter.php(404): CodeIgniter\CodeIgniter->runController(Object(App\Controllers\Auth))
#4 /Users/etienne/Web/Projets/api-bde/vendor/codeigniter4/framework/system/CodeIgniter.php(312): CodeIgniter\CodeIgniter->handleRequest(NULL, Object(Config\Cache), false)
#5 /Users/etienne/Web/Projets/api-bde/public/index.php(45): CodeIgniter\CodeIgniter->run()
#6 /Users/etienne/Web/Projets/api-bde/vendor/codeigniter4/framework/system/Commands/Server/rewrite.php(34): require_once('/Users/etienne/...')
#7 {main}
CRITICAL - 2021-01-08 09:53:45 --> Trying to access array offset on value of type null
#0 /Users/etienne/Web/Projets/api-bde/app/Controllers/Auth.php(64): CodeIgniter\Debug\Exceptions->errorHandler(8, 'Trying to acces...', '/Users/etienne/...', 64, Array)
#1 /Users/etienne/Web/Projets/api-bde/vendor/codeigniter4/framework/system/CodeIgniter.php(918): App\Controllers\Auth->register('d55a12c9252ffd3...')
#2 /Users/etienne/Web/Projets/api-bde/vendor/codeigniter4/framework/system/CodeIgniter.php(404): CodeIgniter\CodeIgniter->runController(Object(App\Controllers\Auth))
#3 /Users/etienne/Web/Projets/api-bde/vendor/codeigniter4/framework/system/CodeIgniter.php(312): CodeIgniter\CodeIgniter->handleRequest(NULL, Object(Config\Cache), false)
#4 /Users/etienne/Web/Projets/api-bde/public/index.php(45): CodeIgniter\CodeIgniter->run()
#5 /Users/etienne/Web/Projets/api-bde/vendor/codeigniter4/framework/system/Commands/Server/rewrite.php(34): require_once('/Users/etienne/...')
#6 {main}
CRITICAL - 2021-01-08 09:55:39 --> Cannot use object of type App\Models\UsersModel as array
#0 /Users/etienne/Web/Projets/api-bde/vendor/codeigniter4/framework/system/CodeIgniter.php(918): App\Controllers\Auth->login()
#1 /Users/etienne/Web/Projets/api-bde/vendor/codeigniter4/framework/system/CodeIgniter.php(404): CodeIgniter\CodeIgniter->runController(Object(App\Controllers\Auth))
#2 /Users/etienne/Web/Projets/api-bde/vendor/codeigniter4/framework/system/CodeIgniter.php(312): CodeIgniter\CodeIgniter->handleRequest(NULL, Object(Config\Cache), false)
#3 /Users/etienne/Web/Projets/api-bde/public/index.php(45): CodeIgniter\CodeIgniter->run()
#4 /Users/etienne/Web/Projets/api-bde/vendor/codeigniter4/framework/system/Commands/Server/rewrite.php(34): require_once('/Users/etienne/...')
#5 {main}
