CRITICAL - 2021-02-22 16:05:44 --> Unable to connect to the database.
#0 /Applications/MAMP/htdocs/Workspace/app-bde/api/vendor/codeigniter4/framework/system/Database/BaseConnection.php(646): CodeIgniter\Database\BaseConnection->initialize()
#1 /Applications/MAMP/htdocs/Workspace/app-bde/api/vendor/codeigniter4/framework/system/Database/BaseBuilder.php(1860): CodeIgniter\Database\BaseConnection->query('SELECT *\nFROM `...', Array, false)
#2 /Applications/MAMP/htdocs/Workspace/app-bde/api/vendor/codeigniter4/framework/system/Model.php(506): CodeIgniter\Database\BaseBuilder->get()
#3 /Applications/MAMP/htdocs/Workspace/app-bde/api/app/Controllers/Auth.php(101): CodeIgniter\Model->first()
#4 /Applications/MAMP/htdocs/Workspace/app-bde/api/vendor/codeigniter4/framework/system/CodeIgniter.php(918): App\Controllers\Auth->login()
#5 /Applications/MAMP/htdocs/Workspace/app-bde/api/vendor/codeigniter4/framework/system/CodeIgniter.php(404): CodeIgniter\CodeIgniter->runController(Object(App\Controllers\Auth))
#6 /Applications/MAMP/htdocs/Workspace/app-bde/api/vendor/codeigniter4/framework/system/CodeIgniter.php(312): CodeIgniter\CodeIgniter->handleRequest(NULL, Object(Config\Cache), false)
#7 /Applications/MAMP/htdocs/Workspace/app-bde/api/public/index.php(45): CodeIgniter\CodeIgniter->run()
#8 /Applications/MAMP/htdocs/Workspace/app-bde/api/vendor/codeigniter4/framework/system/Commands/Server/rewrite.php(34): require_once('/Applications/M...')
#9 {main}
CRITICAL - 2021-02-22 16:08:55 --> Unable to connect to the database.
#0 /Applications/MAMP/htdocs/Workspace/app-bde/api/vendor/codeigniter4/framework/system/Database/BaseConnection.php(646): CodeIgniter\Database\BaseConnection->initialize()
#1 /Applications/MAMP/htdocs/Workspace/app-bde/api/vendor/codeigniter4/framework/system/Database/BaseBuilder.php(1860): CodeIgniter\Database\BaseConnection->query('SELECT *\nFROM `...', Array, false)
#2 /Applications/MAMP/htdocs/Workspace/app-bde/api/vendor/codeigniter4/framework/system/Model.php(506): CodeIgniter\Database\BaseBuilder->get()
#3 /Applications/MAMP/htdocs/Workspace/app-bde/api/app/Controllers/Auth.php(101): CodeIgniter\Model->first()
#4 /Applications/MAMP/htdocs/Workspace/app-bde/api/vendor/codeigniter4/framework/system/CodeIgniter.php(918): App\Controllers\Auth->login()
#5 /Applications/MAMP/htdocs/Workspace/app-bde/api/vendor/codeigniter4/framework/system/CodeIgniter.php(404): CodeIgniter\CodeIgniter->runController(Object(App\Controllers\Auth))
#6 /Applications/MAMP/htdocs/Workspace/app-bde/api/vendor/codeigniter4/framework/system/CodeIgniter.php(312): CodeIgniter\CodeIgniter->handleRequest(NULL, Object(Config\Cache), false)
#7 /Applications/MAMP/htdocs/Workspace/app-bde/api/public/index.php(45): CodeIgniter\CodeIgniter->run()
#8 /Applications/MAMP/htdocs/Workspace/app-bde/api/vendor/codeigniter4/framework/system/Commands/Server/rewrite.php(34): require_once('/Applications/M...')
#9 {main}
CRITICAL - 2021-02-22 16:12:44 --> Unable to connect to the database.
#0 /Applications/MAMP/htdocs/Workspace/app-bde/api/vendor/codeigniter4/framework/system/Database/BaseConnection.php(646): CodeIgniter\Database\BaseConnection->initialize()
#1 /Applications/MAMP/htdocs/Workspace/app-bde/api/vendor/codeigniter4/framework/system/Database/BaseBuilder.php(1860): CodeIgniter\Database\BaseConnection->query('SELECT *\nFROM `...', Array, false)
#2 /Applications/MAMP/htdocs/Workspace/app-bde/api/vendor/codeigniter4/framework/system/Model.php(506): CodeIgniter\Database\BaseBuilder->get()
#3 /Applications/MAMP/htdocs/Workspace/app-bde/api/app/Controllers/Auth.php(101): CodeIgniter\Model->first()
#4 /Applications/MAMP/htdocs/Workspace/app-bde/api/vendor/codeigniter4/framework/system/CodeIgniter.php(918): App\Controllers\Auth->login()
#5 /Applications/MAMP/htdocs/Workspace/app-bde/api/vendor/codeigniter4/framework/system/CodeIgniter.php(404): CodeIgniter\CodeIgniter->runController(Object(App\Controllers\Auth))
#6 /Applications/MAMP/htdocs/Workspace/app-bde/api/vendor/codeigniter4/framework/system/CodeIgniter.php(312): CodeIgniter\CodeIgniter->handleRequest(NULL, Object(Config\Cache), false)
#7 /Applications/MAMP/htdocs/Workspace/app-bde/api/public/index.php(45): CodeIgniter\CodeIgniter->run()
#8 /Applications/MAMP/htdocs/Workspace/app-bde/api/vendor/codeigniter4/framework/system/Commands/Server/rewrite.php(34): require_once('/Applications/M...')
#9 {main}
CRITICAL - 2021-02-22 16:12:48 --> Unable to connect to the database.
#0 /Applications/MAMP/htdocs/Workspace/app-bde/api/vendor/codeigniter4/framework/system/Database/BaseConnection.php(646): CodeIgniter\Database\BaseConnection->initialize()
#1 /Applications/MAMP/htdocs/Workspace/app-bde/api/vendor/codeigniter4/framework/system/Database/BaseBuilder.php(1860): CodeIgniter\Database\BaseConnection->query('SELECT *\nFROM `...', Array, false)
#2 /Applications/MAMP/htdocs/Workspace/app-bde/api/vendor/codeigniter4/framework/system/Model.php(506): CodeIgniter\Database\BaseBuilder->get()
#3 /Applications/MAMP/htdocs/Workspace/app-bde/api/app/Controllers/Auth.php(101): CodeIgniter\Model->first()
#4 /Applications/MAMP/htdocs/Workspace/app-bde/api/vendor/codeigniter4/framework/system/CodeIgniter.php(918): App\Controllers\Auth->login()
#5 /Applications/MAMP/htdocs/Workspace/app-bde/api/vendor/codeigniter4/framework/system/CodeIgniter.php(404): CodeIgniter\CodeIgniter->runController(Object(App\Controllers\Auth))
#6 /Applications/MAMP/htdocs/Workspace/app-bde/api/vendor/codeigniter4/framework/system/CodeIgniter.php(312): CodeIgniter\CodeIgniter->handleRequest(NULL, Object(Config\Cache), false)
#7 /Applications/MAMP/htdocs/Workspace/app-bde/api/public/index.php(45): CodeIgniter\CodeIgniter->run()
#8 /Applications/MAMP/htdocs/Workspace/app-bde/api/vendor/codeigniter4/framework/system/Commands/Server/rewrite.php(34): require_once('/Applications/M...')
#9 {main}
CRITICAL - 2021-02-22 16:12:49 --> Unable to connect to the database.
#0 /Applications/MAMP/htdocs/Workspace/app-bde/api/vendor/codeigniter4/framework/system/Database/BaseConnection.php(646): CodeIgniter\Database\BaseConnection->initialize()
#1 /Applications/MAMP/htdocs/Workspace/app-bde/api/vendor/codeigniter4/framework/system/Database/BaseBuilder.php(1860): CodeIgniter\Database\BaseConnection->query('SELECT *\nFROM `...', Array, false)
#2 /Applications/MAMP/htdocs/Workspace/app-bde/api/vendor/codeigniter4/framework/system/Model.php(506): CodeIgniter\Database\BaseBuilder->get()
#3 /Applications/MAMP/htdocs/Workspace/app-bde/api/app/Controllers/Auth.php(101): CodeIgniter\Model->first()
#4 /Applications/MAMP/htdocs/Workspace/app-bde/api/vendor/codeigniter4/framework/system/CodeIgniter.php(918): App\Controllers\Auth->login()
#5 /Applications/MAMP/htdocs/Workspace/app-bde/api/vendor/codeigniter4/framework/system/CodeIgniter.php(404): CodeIgniter\CodeIgniter->runController(Object(App\Controllers\Auth))
#6 /Applications/MAMP/htdocs/Workspace/app-bde/api/vendor/codeigniter4/framework/system/CodeIgniter.php(312): CodeIgniter\CodeIgniter->handleRequest(NULL, Object(Config\Cache), false)
#7 /Applications/MAMP/htdocs/Workspace/app-bde/api/public/index.php(45): CodeIgniter\CodeIgniter->run()
#8 /Applications/MAMP/htdocs/Workspace/app-bde/api/vendor/codeigniter4/framework/system/Commands/Server/rewrite.php(34): require_once('/Applications/M...')
#9 {main}
CRITICAL - 2021-02-22 16:12:49 --> Unable to connect to the database.
#0 /Applications/MAMP/htdocs/Workspace/app-bde/api/vendor/codeigniter4/framework/system/Database/BaseConnection.php(646): CodeIgniter\Database\BaseConnection->initialize()
#1 /Applications/MAMP/htdocs/Workspace/app-bde/api/vendor/codeigniter4/framework/system/Database/BaseBuilder.php(1860): CodeIgniter\Database\BaseConnection->query('SELECT *\nFROM `...', Array, false)
#2 /Applications/MAMP/htdocs/Workspace/app-bde/api/vendor/codeigniter4/framework/system/Model.php(506): CodeIgniter\Database\BaseBuilder->get()
#3 /Applications/MAMP/htdocs/Workspace/app-bde/api/app/Controllers/Auth.php(101): CodeIgniter\Model->first()
#4 /Applications/MAMP/htdocs/Workspace/app-bde/api/vendor/codeigniter4/framework/system/CodeIgniter.php(918): App\Controllers\Auth->login()
#5 /Applications/MAMP/htdocs/Workspace/app-bde/api/vendor/codeigniter4/framework/system/CodeIgniter.php(404): CodeIgniter\CodeIgniter->runController(Object(App\Controllers\Auth))
#6 /Applications/MAMP/htdocs/Workspace/app-bde/api/vendor/codeigniter4/framework/system/CodeIgniter.php(312): CodeIgniter\CodeIgniter->handleRequest(NULL, Object(Config\Cache), false)
#7 /Applications/MAMP/htdocs/Workspace/app-bde/api/public/index.php(45): CodeIgniter\CodeIgniter->run()
#8 /Applications/MAMP/htdocs/Workspace/app-bde/api/vendor/codeigniter4/framework/system/Commands/Server/rewrite.php(34): require_once('/Applications/M...')
#9 {main}
CRITICAL - 2021-02-22 16:13:33 --> Unable to connect to the database.
#0 /Applications/MAMP/htdocs/Workspace/app-bde/api/vendor/codeigniter4/framework/system/Database/BaseConnection.php(646): CodeIgniter\Database\BaseConnection->initialize()
#1 /Applications/MAMP/htdocs/Workspace/app-bde/api/vendor/codeigniter4/framework/system/Database/BaseBuilder.php(1860): CodeIgniter\Database\BaseConnection->query('SELECT *\nFROM `...', Array, false)
#2 /Applications/MAMP/htdocs/Workspace/app-bde/api/vendor/codeigniter4/framework/system/Model.php(506): CodeIgniter\Database\BaseBuilder->get()
#3 /Applications/MAMP/htdocs/Workspace/app-bde/api/app/Controllers/Auth.php(101): CodeIgniter\Model->first()
#4 /Applications/MAMP/htdocs/Workspace/app-bde/api/vendor/codeigniter4/framework/system/CodeIgniter.php(918): App\Controllers\Auth->login()
#5 /Applications/MAMP/htdocs/Workspace/app-bde/api/vendor/codeigniter4/framework/system/CodeIgniter.php(404): CodeIgniter\CodeIgniter->runController(Object(App\Controllers\Auth))
#6 /Applications/MAMP/htdocs/Workspace/app-bde/api/vendor/codeigniter4/framework/system/CodeIgniter.php(312): CodeIgniter\CodeIgniter->handleRequest(NULL, Object(Config\Cache), false)
#7 /Applications/MAMP/htdocs/Workspace/app-bde/api/public/index.php(45): CodeIgniter\CodeIgniter->run()
#8 /Applications/MAMP/htdocs/Workspace/app-bde/api/vendor/codeigniter4/framework/system/Commands/Server/rewrite.php(34): require_once('/Applications/M...')
#9 {main}
CRITICAL - 2021-02-22 16:13:34 --> Unable to connect to the database.
#0 /Applications/MAMP/htdocs/Workspace/app-bde/api/vendor/codeigniter4/framework/system/Database/BaseConnection.php(646): CodeIgniter\Database\BaseConnection->initialize()
#1 /Applications/MAMP/htdocs/Workspace/app-bde/api/vendor/codeigniter4/framework/system/Database/BaseBuilder.php(1860): CodeIgniter\Database\BaseConnection->query('SELECT *\nFROM `...', Array, false)
#2 /Applications/MAMP/htdocs/Workspace/app-bde/api/vendor/codeigniter4/framework/system/Model.php(506): CodeIgniter\Database\BaseBuilder->get()
#3 /Applications/MAMP/htdocs/Workspace/app-bde/api/app/Controllers/Auth.php(101): CodeIgniter\Model->first()
#4 /Applications/MAMP/htdocs/Workspace/app-bde/api/vendor/codeigniter4/framework/system/CodeIgniter.php(918): App\Controllers\Auth->login()
#5 /Applications/MAMP/htdocs/Workspace/app-bde/api/vendor/codeigniter4/framework/system/CodeIgniter.php(404): CodeIgniter\CodeIgniter->runController(Object(App\Controllers\Auth))
#6 /Applications/MAMP/htdocs/Workspace/app-bde/api/vendor/codeigniter4/framework/system/CodeIgniter.php(312): CodeIgniter\CodeIgniter->handleRequest(NULL, Object(Config\Cache), false)
#7 /Applications/MAMP/htdocs/Workspace/app-bde/api/public/index.php(45): CodeIgniter\CodeIgniter->run()
#8 /Applications/MAMP/htdocs/Workspace/app-bde/api/vendor/codeigniter4/framework/system/Commands/Server/rewrite.php(34): require_once('/Applications/M...')
#9 {main}
CRITICAL - 2021-02-22 16:13:35 --> Unable to connect to the database.
#0 /Applications/MAMP/htdocs/Workspace/app-bde/api/vendor/codeigniter4/framework/system/Database/BaseConnection.php(646): CodeIgniter\Database\BaseConnection->initialize()
#1 /Applications/MAMP/htdocs/Workspace/app-bde/api/vendor/codeigniter4/framework/system/Database/BaseBuilder.php(1860): CodeIgniter\Database\BaseConnection->query('SELECT *\nFROM `...', Array, false)
#2 /Applications/MAMP/htdocs/Workspace/app-bde/api/vendor/codeigniter4/framework/system/Model.php(506): CodeIgniter\Database\BaseBuilder->get()
#3 /Applications/MAMP/htdocs/Workspace/app-bde/api/app/Controllers/Auth.php(101): CodeIgniter\Model->first()
#4 /Applications/MAMP/htdocs/Workspace/app-bde/api/vendor/codeigniter4/framework/system/CodeIgniter.php(918): App\Controllers\Auth->login()
#5 /Applications/MAMP/htdocs/Workspace/app-bde/api/vendor/codeigniter4/framework/system/CodeIgniter.php(404): CodeIgniter\CodeIgniter->runController(Object(App\Controllers\Auth))
#6 /Applications/MAMP/htdocs/Workspace/app-bde/api/vendor/codeigniter4/framework/system/CodeIgniter.php(312): CodeIgniter\CodeIgniter->handleRequest(NULL, Object(Config\Cache), false)
#7 /Applications/MAMP/htdocs/Workspace/app-bde/api/public/index.php(45): CodeIgniter\CodeIgniter->run()
#8 /Applications/MAMP/htdocs/Workspace/app-bde/api/vendor/codeigniter4/framework/system/Commands/Server/rewrite.php(34): require_once('/Applications/M...')
#9 {main}
CRITICAL - 2021-02-22 16:13:35 --> Unable to connect to the database.
#0 /Applications/MAMP/htdocs/Workspace/app-bde/api/vendor/codeigniter4/framework/system/Database/BaseConnection.php(646): CodeIgniter\Database\BaseConnection->initialize()
#1 /Applications/MAMP/htdocs/Workspace/app-bde/api/vendor/codeigniter4/framework/system/Database/BaseBuilder.php(1860): CodeIgniter\Database\BaseConnection->query('SELECT *\nFROM `...', Array, false)
#2 /Applications/MAMP/htdocs/Workspace/app-bde/api/vendor/codeigniter4/framework/system/Model.php(506): CodeIgniter\Database\BaseBuilder->get()
#3 /Applications/MAMP/htdocs/Workspace/app-bde/api/app/Controllers/Auth.php(101): CodeIgniter\Model->first()
#4 /Applications/MAMP/htdocs/Workspace/app-bde/api/vendor/codeigniter4/framework/system/CodeIgniter.php(918): App\Controllers\Auth->login()
#5 /Applications/MAMP/htdocs/Workspace/app-bde/api/vendor/codeigniter4/framework/system/CodeIgniter.php(404): CodeIgniter\CodeIgniter->runController(Object(App\Controllers\Auth))
#6 /Applications/MAMP/htdocs/Workspace/app-bde/api/vendor/codeigniter4/framework/system/CodeIgniter.php(312): CodeIgniter\CodeIgniter->handleRequest(NULL, Object(Config\Cache), false)
#7 /Applications/MAMP/htdocs/Workspace/app-bde/api/public/index.php(45): CodeIgniter\CodeIgniter->run()
#8 /Applications/MAMP/htdocs/Workspace/app-bde/api/vendor/codeigniter4/framework/system/Commands/Server/rewrite.php(34): require_once('/Applications/M...')
#9 {main}
CRITICAL - 2021-02-22 16:13:42 --> Unable to connect to the database.
#0 /Applications/MAMP/htdocs/Workspace/app-bde/api/vendor/codeigniter4/framework/system/Database/BaseConnection.php(646): CodeIgniter\Database\BaseConnection->initialize()
#1 /Applications/MAMP/htdocs/Workspace/app-bde/api/vendor/codeigniter4/framework/system/Database/BaseBuilder.php(1860): CodeIgniter\Database\BaseConnection->query('SELECT *\nFROM `...', Array, false)
#2 /Applications/MAMP/htdocs/Workspace/app-bde/api/vendor/codeigniter4/framework/system/Model.php(506): CodeIgniter\Database\BaseBuilder->get()
#3 /Applications/MAMP/htdocs/Workspace/app-bde/api/app/Controllers/Auth.php(101): CodeIgniter\Model->first()
#4 /Applications/MAMP/htdocs/Workspace/app-bde/api/vendor/codeigniter4/framework/system/CodeIgniter.php(918): App\Controllers\Auth->login()
#5 /Applications/MAMP/htdocs/Workspace/app-bde/api/vendor/codeigniter4/framework/system/CodeIgniter.php(404): CodeIgniter\CodeIgniter->runController(Object(App\Controllers\Auth))
#6 /Applications/MAMP/htdocs/Workspace/app-bde/api/vendor/codeigniter4/framework/system/CodeIgniter.php(312): CodeIgniter\CodeIgniter->handleRequest(NULL, Object(Config\Cache), false)
#7 /Applications/MAMP/htdocs/Workspace/app-bde/api/public/index.php(45): CodeIgniter\CodeIgniter->run()
#8 /Applications/MAMP/htdocs/Workspace/app-bde/api/vendor/codeigniter4/framework/system/Commands/Server/rewrite.php(34): require_once('/Applications/M...')
#9 {main}
CRITICAL - 2021-02-22 16:13:42 --> Unable to connect to the database.
#0 /Applications/MAMP/htdocs/Workspace/app-bde/api/vendor/codeigniter4/framework/system/Database/BaseConnection.php(646): CodeIgniter\Database\BaseConnection->initialize()
#1 /Applications/MAMP/htdocs/Workspace/app-bde/api/vendor/codeigniter4/framework/system/Database/BaseBuilder.php(1860): CodeIgniter\Database\BaseConnection->query('SELECT *\nFROM `...', Array, false)
#2 /Applications/MAMP/htdocs/Workspace/app-bde/api/vendor/codeigniter4/framework/system/Model.php(506): CodeIgniter\Database\BaseBuilder->get()
#3 /Applications/MAMP/htdocs/Workspace/app-bde/api/app/Controllers/Auth.php(101): CodeIgniter\Model->first()
#4 /Applications/MAMP/htdocs/Workspace/app-bde/api/vendor/codeigniter4/framework/system/CodeIgniter.php(918): App\Controllers\Auth->login()
#5 /Applications/MAMP/htdocs/Workspace/app-bde/api/vendor/codeigniter4/framework/system/CodeIgniter.php(404): CodeIgniter\CodeIgniter->runController(Object(App\Controllers\Auth))
#6 /Applications/MAMP/htdocs/Workspace/app-bde/api/vendor/codeigniter4/framework/system/CodeIgniter.php(312): CodeIgniter\CodeIgniter->handleRequest(NULL, Object(Config\Cache), false)
#7 /Applications/MAMP/htdocs/Workspace/app-bde/api/public/index.php(45): CodeIgniter\CodeIgniter->run()
#8 /Applications/MAMP/htdocs/Workspace/app-bde/api/vendor/codeigniter4/framework/system/Commands/Server/rewrite.php(34): require_once('/Applications/M...')
#9 {main}
CRITICAL - 2021-02-22 16:16:34 --> Unable to connect to the database.
#0 /Applications/MAMP/htdocs/Workspace/app-bde/api/vendor/codeigniter4/framework/system/Database/BaseConnection.php(646): CodeIgniter\Database\BaseConnection->initialize()
#1 /Applications/MAMP/htdocs/Workspace/app-bde/api/vendor/codeigniter4/framework/system/Database/BaseBuilder.php(1860): CodeIgniter\Database\BaseConnection->query('SELECT *\nFROM `...', Array, false)
#2 /Applications/MAMP/htdocs/Workspace/app-bde/api/vendor/codeigniter4/framework/system/Model.php(506): CodeIgniter\Database\BaseBuilder->get()
#3 /Applications/MAMP/htdocs/Workspace/app-bde/api/app/Controllers/Auth.php(101): CodeIgniter\Model->first()
#4 /Applications/MAMP/htdocs/Workspace/app-bde/api/vendor/codeigniter4/framework/system/CodeIgniter.php(918): App\Controllers\Auth->login()
#5 /Applications/MAMP/htdocs/Workspace/app-bde/api/vendor/codeigniter4/framework/system/CodeIgniter.php(404): CodeIgniter\CodeIgniter->runController(Object(App\Controllers\Auth))
#6 /Applications/MAMP/htdocs/Workspace/app-bde/api/vendor/codeigniter4/framework/system/CodeIgniter.php(312): CodeIgniter\CodeIgniter->handleRequest(NULL, Object(Config\Cache), false)
#7 /Applications/MAMP/htdocs/Workspace/app-bde/api/public/index.php(45): CodeIgniter\CodeIgniter->run()
#8 /Applications/MAMP/htdocs/Workspace/app-bde/api/vendor/codeigniter4/framework/system/Commands/Server/rewrite.php(34): require_once('/Applications/M...')
#9 {main}
CRITICAL - 2021-02-22 16:16:37 --> Unable to connect to the database.
#0 /Applications/MAMP/htdocs/Workspace/app-bde/api/vendor/codeigniter4/framework/system/Database/BaseConnection.php(646): CodeIgniter\Database\BaseConnection->initialize()
#1 /Applications/MAMP/htdocs/Workspace/app-bde/api/vendor/codeigniter4/framework/system/Database/BaseBuilder.php(1860): CodeIgniter\Database\BaseConnection->query('SELECT *\nFROM `...', Array, false)
#2 /Applications/MAMP/htdocs/Workspace/app-bde/api/vendor/codeigniter4/framework/system/Model.php(506): CodeIgniter\Database\BaseBuilder->get()
#3 /Applications/MAMP/htdocs/Workspace/app-bde/api/app/Controllers/Auth.php(101): CodeIgniter\Model->first()
#4 /Applications/MAMP/htdocs/Workspace/app-bde/api/vendor/codeigniter4/framework/system/CodeIgniter.php(918): App\Controllers\Auth->login()
#5 /Applications/MAMP/htdocs/Workspace/app-bde/api/vendor/codeigniter4/framework/system/CodeIgniter.php(404): CodeIgniter\CodeIgniter->runController(Object(App\Controllers\Auth))
#6 /Applications/MAMP/htdocs/Workspace/app-bde/api/vendor/codeigniter4/framework/system/CodeIgniter.php(312): CodeIgniter\CodeIgniter->handleRequest(NULL, Object(Config\Cache), false)
#7 /Applications/MAMP/htdocs/Workspace/app-bde/api/public/index.php(45): CodeIgniter\CodeIgniter->run()
#8 /Applications/MAMP/htdocs/Workspace/app-bde/api/vendor/codeigniter4/framework/system/Commands/Server/rewrite.php(34): require_once('/Applications/M...')
#9 {main}
CRITICAL - 2021-02-22 16:16:47 --> Unable to connect to the database.
#0 /Applications/MAMP/htdocs/Workspace/app-bde/api/vendor/codeigniter4/framework/system/Database/BaseConnection.php(646): CodeIgniter\Database\BaseConnection->initialize()
#1 /Applications/MAMP/htdocs/Workspace/app-bde/api/vendor/codeigniter4/framework/system/Database/BaseBuilder.php(1860): CodeIgniter\Database\BaseConnection->query('SELECT *\nFROM `...', Array, false)
#2 /Applications/MAMP/htdocs/Workspace/app-bde/api/vendor/codeigniter4/framework/system/Model.php(506): CodeIgniter\Database\BaseBuilder->get()
#3 /Applications/MAMP/htdocs/Workspace/app-bde/api/app/Controllers/Auth.php(101): CodeIgniter\Model->first()
#4 /Applications/MAMP/htdocs/Workspace/app-bde/api/vendor/codeigniter4/framework/system/CodeIgniter.php(918): App\Controllers\Auth->login()
#5 /Applications/MAMP/htdocs/Workspace/app-bde/api/vendor/codeigniter4/framework/system/CodeIgniter.php(404): CodeIgniter\CodeIgniter->runController(Object(App\Controllers\Auth))
#6 /Applications/MAMP/htdocs/Workspace/app-bde/api/vendor/codeigniter4/framework/system/CodeIgniter.php(312): CodeIgniter\CodeIgniter->handleRequest(NULL, Object(Config\Cache), false)
#7 /Applications/MAMP/htdocs/Workspace/app-bde/api/public/index.php(45): CodeIgniter\CodeIgniter->run()
#8 /Applications/MAMP/htdocs/Workspace/app-bde/api/vendor/codeigniter4/framework/system/Commands/Server/rewrite.php(34): require_once('/Applications/M...')
#9 {main}
CRITICAL - 2021-02-22 16:16:48 --> Unable to connect to the database.
#0 /Applications/MAMP/htdocs/Workspace/app-bde/api/vendor/codeigniter4/framework/system/Database/BaseConnection.php(646): CodeIgniter\Database\BaseConnection->initialize()
#1 /Applications/MAMP/htdocs/Workspace/app-bde/api/vendor/codeigniter4/framework/system/Database/BaseBuilder.php(1860): CodeIgniter\Database\BaseConnection->query('SELECT *\nFROM `...', Array, false)
#2 /Applications/MAMP/htdocs/Workspace/app-bde/api/vendor/codeigniter4/framework/system/Model.php(506): CodeIgniter\Database\BaseBuilder->get()
#3 /Applications/MAMP/htdocs/Workspace/app-bde/api/app/Controllers/Auth.php(101): CodeIgniter\Model->first()
#4 /Applications/MAMP/htdocs/Workspace/app-bde/api/vendor/codeigniter4/framework/system/CodeIgniter.php(918): App\Controllers\Auth->login()
#5 /Applications/MAMP/htdocs/Workspace/app-bde/api/vendor/codeigniter4/framework/system/CodeIgniter.php(404): CodeIgniter\CodeIgniter->runController(Object(App\Controllers\Auth))
#6 /Applications/MAMP/htdocs/Workspace/app-bde/api/vendor/codeigniter4/framework/system/CodeIgniter.php(312): CodeIgniter\CodeIgniter->handleRequest(NULL, Object(Config\Cache), false)
#7 /Applications/MAMP/htdocs/Workspace/app-bde/api/public/index.php(45): CodeIgniter\CodeIgniter->run()
#8 /Applications/MAMP/htdocs/Workspace/app-bde/api/vendor/codeigniter4/framework/system/Commands/Server/rewrite.php(34): require_once('/Applications/M...')
#9 {main}
CRITICAL - 2021-02-22 16:16:48 --> Unable to connect to the database.
#0 /Applications/MAMP/htdocs/Workspace/app-bde/api/vendor/codeigniter4/framework/system/Database/BaseConnection.php(646): CodeIgniter\Database\BaseConnection->initialize()
#1 /Applications/MAMP/htdocs/Workspace/app-bde/api/vendor/codeigniter4/framework/system/Database/BaseBuilder.php(1860): CodeIgniter\Database\BaseConnection->query('SELECT *\nFROM `...', Array, false)
#2 /Applications/MAMP/htdocs/Workspace/app-bde/api/vendor/codeigniter4/framework/system/Model.php(506): CodeIgniter\Database\BaseBuilder->get()
#3 /Applications/MAMP/htdocs/Workspace/app-bde/api/app/Controllers/Auth.php(101): CodeIgniter\Model->first()
#4 /Applications/MAMP/htdocs/Workspace/app-bde/api/vendor/codeigniter4/framework/system/CodeIgniter.php(918): App\Controllers\Auth->login()
#5 /Applications/MAMP/htdocs/Workspace/app-bde/api/vendor/codeigniter4/framework/system/CodeIgniter.php(404): CodeIgniter\CodeIgniter->runController(Object(App\Controllers\Auth))
#6 /Applications/MAMP/htdocs/Workspace/app-bde/api/vendor/codeigniter4/framework/system/CodeIgniter.php(312): CodeIgniter\CodeIgniter->handleRequest(NULL, Object(Config\Cache), false)
#7 /Applications/MAMP/htdocs/Workspace/app-bde/api/public/index.php(45): CodeIgniter\CodeIgniter->run()
#8 /Applications/MAMP/htdocs/Workspace/app-bde/api/vendor/codeigniter4/framework/system/Commands/Server/rewrite.php(34): require_once('/Applications/M...')
#9 {main}
CRITICAL - 2021-02-22 16:16:49 --> Unable to connect to the database.
#0 /Applications/MAMP/htdocs/Workspace/app-bde/api/vendor/codeigniter4/framework/system/Database/BaseConnection.php(646): CodeIgniter\Database\BaseConnection->initialize()
#1 /Applications/MAMP/htdocs/Workspace/app-bde/api/vendor/codeigniter4/framework/system/Database/BaseBuilder.php(1860): CodeIgniter\Database\BaseConnection->query('SELECT *\nFROM `...', Array, false)
#2 /Applications/MAMP/htdocs/Workspace/app-bde/api/vendor/codeigniter4/framework/system/Model.php(506): CodeIgniter\Database\BaseBuilder->get()
#3 /Applications/MAMP/htdocs/Workspace/app-bde/api/app/Controllers/Auth.php(101): CodeIgniter\Model->first()
#4 /Applications/MAMP/htdocs/Workspace/app-bde/api/vendor/codeigniter4/framework/system/CodeIgniter.php(918): App\Controllers\Auth->login()
#5 /Applications/MAMP/htdocs/Workspace/app-bde/api/vendor/codeigniter4/framework/system/CodeIgniter.php(404): CodeIgniter\CodeIgniter->runController(Object(App\Controllers\Auth))
#6 /Applications/MAMP/htdocs/Workspace/app-bde/api/vendor/codeigniter4/framework/system/CodeIgniter.php(312): CodeIgniter\CodeIgniter->handleRequest(NULL, Object(Config\Cache), false)
#7 /Applications/MAMP/htdocs/Workspace/app-bde/api/public/index.php(45): CodeIgniter\CodeIgniter->run()
#8 /Applications/MAMP/htdocs/Workspace/app-bde/api/vendor/codeigniter4/framework/system/Commands/Server/rewrite.php(34): require_once('/Applications/M...')
#9 {main}
CRITICAL - 2021-02-22 16:17:36 --> Unable to connect to the database.
#0 /Applications/MAMP/htdocs/Workspace/app-bde/api/vendor/codeigniter4/framework/system/Database/BaseConnection.php(646): CodeIgniter\Database\BaseConnection->initialize()
#1 /Applications/MAMP/htdocs/Workspace/app-bde/api/vendor/codeigniter4/framework/system/Database/BaseBuilder.php(1860): CodeIgniter\Database\BaseConnection->query('SELECT *\nFROM `...', Array, false)
#2 /Applications/MAMP/htdocs/Workspace/app-bde/api/vendor/codeigniter4/framework/system/Model.php(506): CodeIgniter\Database\BaseBuilder->get()
#3 /Applications/MAMP/htdocs/Workspace/app-bde/api/app/Controllers/Auth.php(101): CodeIgniter\Model->first()
#4 /Applications/MAMP/htdocs/Workspace/app-bde/api/vendor/codeigniter4/framework/system/CodeIgniter.php(918): App\Controllers\Auth->login()
#5 /Applications/MAMP/htdocs/Workspace/app-bde/api/vendor/codeigniter4/framework/system/CodeIgniter.php(404): CodeIgniter\CodeIgniter->runController(Object(App\Controllers\Auth))
#6 /Applications/MAMP/htdocs/Workspace/app-bde/api/vendor/codeigniter4/framework/system/CodeIgniter.php(312): CodeIgniter\CodeIgniter->handleRequest(NULL, Object(Config\Cache), false)
#7 /Applications/MAMP/htdocs/Workspace/app-bde/api/public/index.php(45): CodeIgniter\CodeIgniter->run()
#8 /Applications/MAMP/htdocs/Workspace/app-bde/api/vendor/codeigniter4/framework/system/Commands/Server/rewrite.php(34): require_once('/Applications/M...')
#9 {main}
CRITICAL - 2021-02-22 16:17:36 --> Unable to connect to the database.
#0 /Applications/MAMP/htdocs/Workspace/app-bde/api/vendor/codeigniter4/framework/system/Database/BaseConnection.php(646): CodeIgniter\Database\BaseConnection->initialize()
#1 /Applications/MAMP/htdocs/Workspace/app-bde/api/vendor/codeigniter4/framework/system/Database/BaseBuilder.php(1860): CodeIgniter\Database\BaseConnection->query('SELECT *\nFROM `...', Array, false)
#2 /Applications/MAMP/htdocs/Workspace/app-bde/api/vendor/codeigniter4/framework/system/Model.php(506): CodeIgniter\Database\BaseBuilder->get()
#3 /Applications/MAMP/htdocs/Workspace/app-bde/api/app/Controllers/Auth.php(101): CodeIgniter\Model->first()
#4 /Applications/MAMP/htdocs/Workspace/app-bde/api/vendor/codeigniter4/framework/system/CodeIgniter.php(918): App\Controllers\Auth->login()
#5 /Applications/MAMP/htdocs/Workspace/app-bde/api/vendor/codeigniter4/framework/system/CodeIgniter.php(404): CodeIgniter\CodeIgniter->runController(Object(App\Controllers\Auth))
#6 /Applications/MAMP/htdocs/Workspace/app-bde/api/vendor/codeigniter4/framework/system/CodeIgniter.php(312): CodeIgniter\CodeIgniter->handleRequest(NULL, Object(Config\Cache), false)
#7 /Applications/MAMP/htdocs/Workspace/app-bde/api/public/index.php(45): CodeIgniter\CodeIgniter->run()
#8 /Applications/MAMP/htdocs/Workspace/app-bde/api/vendor/codeigniter4/framework/system/Commands/Server/rewrite.php(34): require_once('/Applications/M...')
#9 {main}
CRITICAL - 2021-02-22 16:17:37 --> Unable to connect to the database.
#0 /Applications/MAMP/htdocs/Workspace/app-bde/api/vendor/codeigniter4/framework/system/Database/BaseConnection.php(646): CodeIgniter\Database\BaseConnection->initialize()
#1 /Applications/MAMP/htdocs/Workspace/app-bde/api/vendor/codeigniter4/framework/system/Database/BaseBuilder.php(1860): CodeIgniter\Database\BaseConnection->query('SELECT *\nFROM `...', Array, false)
#2 /Applications/MAMP/htdocs/Workspace/app-bde/api/vendor/codeigniter4/framework/system/Model.php(506): CodeIgniter\Database\BaseBuilder->get()
#3 /Applications/MAMP/htdocs/Workspace/app-bde/api/app/Controllers/Auth.php(101): CodeIgniter\Model->first()
#4 /Applications/MAMP/htdocs/Workspace/app-bde/api/vendor/codeigniter4/framework/system/CodeIgniter.php(918): App\Controllers\Auth->login()
#5 /Applications/MAMP/htdocs/Workspace/app-bde/api/vendor/codeigniter4/framework/system/CodeIgniter.php(404): CodeIgniter\CodeIgniter->runController(Object(App\Controllers\Auth))
#6 /Applications/MAMP/htdocs/Workspace/app-bde/api/vendor/codeigniter4/framework/system/CodeIgniter.php(312): CodeIgniter\CodeIgniter->handleRequest(NULL, Object(Config\Cache), false)
#7 /Applications/MAMP/htdocs/Workspace/app-bde/api/public/index.php(45): CodeIgniter\CodeIgniter->run()
#8 /Applications/MAMP/htdocs/Workspace/app-bde/api/vendor/codeigniter4/framework/system/Commands/Server/rewrite.php(34): require_once('/Applications/M...')
#9 {main}
CRITICAL - 2021-02-22 16:18:13 --> Unable to connect to the database.
#0 /Applications/MAMP/htdocs/Workspace/app-bde/api/vendor/codeigniter4/framework/system/Database/BaseConnection.php(646): CodeIgniter\Database\BaseConnection->initialize()
#1 /Applications/MAMP/htdocs/Workspace/app-bde/api/vendor/codeigniter4/framework/system/Database/BaseBuilder.php(1860): CodeIgniter\Database\BaseConnection->query('SELECT *\nFROM `...', Array, false)
#2 /Applications/MAMP/htdocs/Workspace/app-bde/api/vendor/codeigniter4/framework/system/Model.php(506): CodeIgniter\Database\BaseBuilder->get()
#3 /Applications/MAMP/htdocs/Workspace/app-bde/api/app/Controllers/Auth.php(101): CodeIgniter\Model->first()
#4 /Applications/MAMP/htdocs/Workspace/app-bde/api/vendor/codeigniter4/framework/system/CodeIgniter.php(918): App\Controllers\Auth->login()
#5 /Applications/MAMP/htdocs/Workspace/app-bde/api/vendor/codeigniter4/framework/system/CodeIgniter.php(404): CodeIgniter\CodeIgniter->runController(Object(App\Controllers\Auth))
#6 /Applications/MAMP/htdocs/Workspace/app-bde/api/vendor/codeigniter4/framework/system/CodeIgniter.php(312): CodeIgniter\CodeIgniter->handleRequest(NULL, Object(Config\Cache), false)
#7 /Applications/MAMP/htdocs/Workspace/app-bde/api/public/index.php(45): CodeIgniter\CodeIgniter->run()
#8 /Applications/MAMP/htdocs/Workspace/app-bde/api/vendor/codeigniter4/framework/system/Commands/Server/rewrite.php(34): require_once('/Applications/M...')
#9 {main}
CRITICAL - 2021-02-22 16:19:23 --> Unable to connect to the database.
#0 /Applications/MAMP/htdocs/Workspace/app-bde/api/vendor/codeigniter4/framework/system/Database/BaseConnection.php(646): CodeIgniter\Database\BaseConnection->initialize()
#1 /Applications/MAMP/htdocs/Workspace/app-bde/api/vendor/codeigniter4/framework/system/Database/BaseBuilder.php(1860): CodeIgniter\Database\BaseConnection->query('SELECT *\nFROM `...', Array, false)
#2 /Applications/MAMP/htdocs/Workspace/app-bde/api/vendor/codeigniter4/framework/system/Model.php(462): CodeIgniter\Database\BaseBuilder->get()
#3 /Applications/MAMP/htdocs/Workspace/app-bde/api/app/Controllers/Events.php(12): CodeIgniter\Model->findAll()
#4 /Applications/MAMP/htdocs/Workspace/app-bde/api/vendor/codeigniter4/framework/system/CodeIgniter.php(918): App\Controllers\Events->index()
#5 /Applications/MAMP/htdocs/Workspace/app-bde/api/vendor/codeigniter4/framework/system/CodeIgniter.php(404): CodeIgniter\CodeIgniter->runController(Object(App\Controllers\Events))
#6 /Applications/MAMP/htdocs/Workspace/app-bde/api/vendor/codeigniter4/framework/system/CodeIgniter.php(312): CodeIgniter\CodeIgniter->handleRequest(NULL, Object(Config\Cache), false)
#7 /Applications/MAMP/htdocs/Workspace/app-bde/api/public/index.php(45): CodeIgniter\CodeIgniter->run()
#8 /Applications/MAMP/htdocs/Workspace/app-bde/api/vendor/codeigniter4/framework/system/Commands/Server/rewrite.php(34): require_once('/Applications/M...')
#9 {main}
CRITICAL - 2021-02-22 16:19:26 --> Unable to connect to the database.
#0 /Applications/MAMP/htdocs/Workspace/app-bde/api/vendor/codeigniter4/framework/system/Database/BaseConnection.php(646): CodeIgniter\Database\BaseConnection->initialize()
#1 /Applications/MAMP/htdocs/Workspace/app-bde/api/vendor/codeigniter4/framework/system/Database/BaseBuilder.php(1860): CodeIgniter\Database\BaseConnection->query('SELECT *\nFROM `...', Array, false)
#2 /Applications/MAMP/htdocs/Workspace/app-bde/api/vendor/codeigniter4/framework/system/Model.php(462): CodeIgniter\Database\BaseBuilder->get()
#3 /Applications/MAMP/htdocs/Workspace/app-bde/api/app/Controllers/Events.php(12): CodeIgniter\Model->findAll()
#4 /Applications/MAMP/htdocs/Workspace/app-bde/api/vendor/codeigniter4/framework/system/CodeIgniter.php(918): App\Controllers\Events->index()
#5 /Applications/MAMP/htdocs/Workspace/app-bde/api/vendor/codeigniter4/framework/system/CodeIgniter.php(404): CodeIgniter\CodeIgniter->runController(Object(App\Controllers\Events))
#6 /Applications/MAMP/htdocs/Workspace/app-bde/api/vendor/codeigniter4/framework/system/CodeIgniter.php(312): CodeIgniter\CodeIgniter->handleRequest(NULL, Object(Config\Cache), false)
#7 /Applications/MAMP/htdocs/Workspace/app-bde/api/public/index.php(45): CodeIgniter\CodeIgniter->run()
#8 /Applications/MAMP/htdocs/Workspace/app-bde/api/vendor/codeigniter4/framework/system/Commands/Server/rewrite.php(34): require_once('/Applications/M...')
#9 {main}
CRITICAL - 2021-02-22 16:19:26 --> Unable to connect to the database.
#0 /Applications/MAMP/htdocs/Workspace/app-bde/api/vendor/codeigniter4/framework/system/Database/BaseConnection.php(646): CodeIgniter\Database\BaseConnection->initialize()
#1 /Applications/MAMP/htdocs/Workspace/app-bde/api/vendor/codeigniter4/framework/system/Database/BaseBuilder.php(1860): CodeIgniter\Database\BaseConnection->query('SELECT *\nFROM `...', Array, false)
#2 /Applications/MAMP/htdocs/Workspace/app-bde/api/vendor/codeigniter4/framework/system/Model.php(462): CodeIgniter\Database\BaseBuilder->get()
#3 /Applications/MAMP/htdocs/Workspace/app-bde/api/app/Controllers/Events.php(12): CodeIgniter\Model->findAll()
#4 /Applications/MAMP/htdocs/Workspace/app-bde/api/vendor/codeigniter4/framework/system/CodeIgniter.php(918): App\Controllers\Events->index()
#5 /Applications/MAMP/htdocs/Workspace/app-bde/api/vendor/codeigniter4/framework/system/CodeIgniter.php(404): CodeIgniter\CodeIgniter->runController(Object(App\Controllers\Events))
#6 /Applications/MAMP/htdocs/Workspace/app-bde/api/vendor/codeigniter4/framework/system/CodeIgniter.php(312): CodeIgniter\CodeIgniter->handleRequest(NULL, Object(Config\Cache), false)
#7 /Applications/MAMP/htdocs/Workspace/app-bde/api/public/index.php(45): CodeIgniter\CodeIgniter->run()
#8 /Applications/MAMP/htdocs/Workspace/app-bde/api/vendor/codeigniter4/framework/system/Commands/Server/rewrite.php(34): require_once('/Applications/M...')
#9 {main}
CRITICAL - 2021-02-22 16:19:27 --> Unable to connect to the database.
#0 /Applications/MAMP/htdocs/Workspace/app-bde/api/vendor/codeigniter4/framework/system/Database/BaseConnection.php(646): CodeIgniter\Database\BaseConnection->initialize()
#1 /Applications/MAMP/htdocs/Workspace/app-bde/api/vendor/codeigniter4/framework/system/Database/BaseBuilder.php(1860): CodeIgniter\Database\BaseConnection->query('SELECT *\nFROM `...', Array, false)
#2 /Applications/MAMP/htdocs/Workspace/app-bde/api/vendor/codeigniter4/framework/system/Model.php(462): CodeIgniter\Database\BaseBuilder->get()
#3 /Applications/MAMP/htdocs/Workspace/app-bde/api/app/Controllers/Events.php(12): CodeIgniter\Model->findAll()
#4 /Applications/MAMP/htdocs/Workspace/app-bde/api/vendor/codeigniter4/framework/system/CodeIgniter.php(918): App\Controllers\Events->index()
#5 /Applications/MAMP/htdocs/Workspace/app-bde/api/vendor/codeigniter4/framework/system/CodeIgniter.php(404): CodeIgniter\CodeIgniter->runController(Object(App\Controllers\Events))
#6 /Applications/MAMP/htdocs/Workspace/app-bde/api/vendor/codeigniter4/framework/system/CodeIgniter.php(312): CodeIgniter\CodeIgniter->handleRequest(NULL, Object(Config\Cache), false)
#7 /Applications/MAMP/htdocs/Workspace/app-bde/api/public/index.php(45): CodeIgniter\CodeIgniter->run()
#8 /Applications/MAMP/htdocs/Workspace/app-bde/api/vendor/codeigniter4/framework/system/Commands/Server/rewrite.php(34): require_once('/Applications/M...')
#9 {main}
CRITICAL - 2021-02-22 16:19:28 --> Unable to connect to the database.
#0 /Applications/MAMP/htdocs/Workspace/app-bde/api/vendor/codeigniter4/framework/system/Database/BaseConnection.php(646): CodeIgniter\Database\BaseConnection->initialize()
#1 /Applications/MAMP/htdocs/Workspace/app-bde/api/vendor/codeigniter4/framework/system/Database/BaseBuilder.php(1860): CodeIgniter\Database\BaseConnection->query('SELECT *\nFROM `...', Array, false)
#2 /Applications/MAMP/htdocs/Workspace/app-bde/api/vendor/codeigniter4/framework/system/Model.php(462): CodeIgniter\Database\BaseBuilder->get()
#3 /Applications/MAMP/htdocs/Workspace/app-bde/api/app/Controllers/Events.php(12): CodeIgniter\Model->findAll()
#4 /Applications/MAMP/htdocs/Workspace/app-bde/api/vendor/codeigniter4/framework/system/CodeIgniter.php(918): App\Controllers\Events->index()
#5 /Applications/MAMP/htdocs/Workspace/app-bde/api/vendor/codeigniter4/framework/system/CodeIgniter.php(404): CodeIgniter\CodeIgniter->runController(Object(App\Controllers\Events))
#6 /Applications/MAMP/htdocs/Workspace/app-bde/api/vendor/codeigniter4/framework/system/CodeIgniter.php(312): CodeIgniter\CodeIgniter->handleRequest(NULL, Object(Config\Cache), false)
#7 /Applications/MAMP/htdocs/Workspace/app-bde/api/public/index.php(45): CodeIgniter\CodeIgniter->run()
#8 /Applications/MAMP/htdocs/Workspace/app-bde/api/vendor/codeigniter4/framework/system/Commands/Server/rewrite.php(34): require_once('/Applications/M...')
#9 {main}
CRITICAL - 2021-02-22 16:21:13 --> Unable to connect to the database.
#0 /Applications/MAMP/htdocs/Workspace/app-bde/api/vendor/codeigniter4/framework/system/Database/BaseConnection.php(646): CodeIgniter\Database\BaseConnection->initialize()
#1 /Applications/MAMP/htdocs/Workspace/app-bde/api/vendor/codeigniter4/framework/system/Database/BaseBuilder.php(1860): CodeIgniter\Database\BaseConnection->query('SELECT *\nFROM `...', Array, false)
#2 /Applications/MAMP/htdocs/Workspace/app-bde/api/vendor/codeigniter4/framework/system/Model.php(506): CodeIgniter\Database\BaseBuilder->get()
#3 /Applications/MAMP/htdocs/Workspace/app-bde/api/app/Controllers/Auth.php(101): CodeIgniter\Model->first()
#4 /Applications/MAMP/htdocs/Workspace/app-bde/api/vendor/codeigniter4/framework/system/CodeIgniter.php(918): App\Controllers\Auth->login()
#5 /Applications/MAMP/htdocs/Workspace/app-bde/api/vendor/codeigniter4/framework/system/CodeIgniter.php(404): CodeIgniter\CodeIgniter->runController(Object(App\Controllers\Auth))
#6 /Applications/MAMP/htdocs/Workspace/app-bde/api/vendor/codeigniter4/framework/system/CodeIgniter.php(312): CodeIgniter\CodeIgniter->handleRequest(NULL, Object(Config\Cache), false)
#7 /Applications/MAMP/htdocs/Workspace/app-bde/api/public/index.php(45): CodeIgniter\CodeIgniter->run()
#8 /Applications/MAMP/htdocs/Workspace/app-bde/api/vendor/codeigniter4/framework/system/Commands/Server/rewrite.php(34): require_once('/Applications/M...')
#9 {main}
CRITICAL - 2021-02-22 16:21:15 --> Unable to connect to the database.
#0 /Applications/MAMP/htdocs/Workspace/app-bde/api/vendor/codeigniter4/framework/system/Database/BaseConnection.php(646): CodeIgniter\Database\BaseConnection->initialize()
#1 /Applications/MAMP/htdocs/Workspace/app-bde/api/vendor/codeigniter4/framework/system/Database/BaseBuilder.php(1860): CodeIgniter\Database\BaseConnection->query('SELECT *\nFROM `...', Array, false)
#2 /Applications/MAMP/htdocs/Workspace/app-bde/api/vendor/codeigniter4/framework/system/Model.php(506): CodeIgniter\Database\BaseBuilder->get()
#3 /Applications/MAMP/htdocs/Workspace/app-bde/api/app/Controllers/Auth.php(101): CodeIgniter\Model->first()
#4 /Applications/MAMP/htdocs/Workspace/app-bde/api/vendor/codeigniter4/framework/system/CodeIgniter.php(918): App\Controllers\Auth->login()
#5 /Applications/MAMP/htdocs/Workspace/app-bde/api/vendor/codeigniter4/framework/system/CodeIgniter.php(404): CodeIgniter\CodeIgniter->runController(Object(App\Controllers\Auth))
#6 /Applications/MAMP/htdocs/Workspace/app-bde/api/vendor/codeigniter4/framework/system/CodeIgniter.php(312): CodeIgniter\CodeIgniter->handleRequest(NULL, Object(Config\Cache), false)
#7 /Applications/MAMP/htdocs/Workspace/app-bde/api/public/index.php(45): CodeIgniter\CodeIgniter->run()
#8 /Applications/MAMP/htdocs/Workspace/app-bde/api/vendor/codeigniter4/framework/system/Commands/Server/rewrite.php(34): require_once('/Applications/M...')
#9 {main}
CRITICAL - 2021-02-22 16:21:32 --> Unable to connect to the database.
#0 /Applications/MAMP/htdocs/Workspace/app-bde/api/vendor/codeigniter4/framework/system/Database/BaseConnection.php(646): CodeIgniter\Database\BaseConnection->initialize()
#1 /Applications/MAMP/htdocs/Workspace/app-bde/api/vendor/codeigniter4/framework/system/Database/BaseBuilder.php(1860): CodeIgniter\Database\BaseConnection->query('SELECT *\nFROM `...', Array, false)
#2 /Applications/MAMP/htdocs/Workspace/app-bde/api/vendor/codeigniter4/framework/system/Model.php(506): CodeIgniter\Database\BaseBuilder->get()
#3 /Applications/MAMP/htdocs/Workspace/app-bde/api/app/Controllers/Auth.php(101): CodeIgniter\Model->first()
#4 /Applications/MAMP/htdocs/Workspace/app-bde/api/vendor/codeigniter4/framework/system/CodeIgniter.php(918): App\Controllers\Auth->login()
#5 /Applications/MAMP/htdocs/Workspace/app-bde/api/vendor/codeigniter4/framework/system/CodeIgniter.php(404): CodeIgniter\CodeIgniter->runController(Object(App\Controllers\Auth))
#6 /Applications/MAMP/htdocs/Workspace/app-bde/api/vendor/codeigniter4/framework/system/CodeIgniter.php(312): CodeIgniter\CodeIgniter->handleRequest(NULL, Object(Config\Cache), false)
#7 /Applications/MAMP/htdocs/Workspace/app-bde/api/public/index.php(45): CodeIgniter\CodeIgniter->run()
#8 /Applications/MAMP/htdocs/Workspace/app-bde/api/vendor/codeigniter4/framework/system/Commands/Server/rewrite.php(34): require_once('/Applications/M...')
#9 {main}
CRITICAL - 2021-02-22 16:22:03 --> Unable to connect to the database.
#0 /Applications/MAMP/htdocs/Workspace/app-bde/api/vendor/codeigniter4/framework/system/Database/BaseConnection.php(646): CodeIgniter\Database\BaseConnection->initialize()
#1 /Applications/MAMP/htdocs/Workspace/app-bde/api/vendor/codeigniter4/framework/system/Database/BaseBuilder.php(1860): CodeIgniter\Database\BaseConnection->query('SELECT *\nFROM `...', Array, false)
#2 /Applications/MAMP/htdocs/Workspace/app-bde/api/vendor/codeigniter4/framework/system/Model.php(506): CodeIgniter\Database\BaseBuilder->get()
#3 /Applications/MAMP/htdocs/Workspace/app-bde/api/app/Controllers/Auth.php(101): CodeIgniter\Model->first()
#4 /Applications/MAMP/htdocs/Workspace/app-bde/api/vendor/codeigniter4/framework/system/CodeIgniter.php(918): App\Controllers\Auth->login()
#5 /Applications/MAMP/htdocs/Workspace/app-bde/api/vendor/codeigniter4/framework/system/CodeIgniter.php(404): CodeIgniter\CodeIgniter->runController(Object(App\Controllers\Auth))
#6 /Applications/MAMP/htdocs/Workspace/app-bde/api/vendor/codeigniter4/framework/system/CodeIgniter.php(312): CodeIgniter\CodeIgniter->handleRequest(NULL, Object(Config\Cache), false)
#7 /Applications/MAMP/htdocs/Workspace/app-bde/api/public/index.php(45): CodeIgniter\CodeIgniter->run()
#8 /Applications/MAMP/htdocs/Workspace/app-bde/api/vendor/codeigniter4/framework/system/Commands/Server/rewrite.php(34): require_once('/Applications/M...')
#9 {main}
CRITICAL - 2021-02-22 16:22:11 --> Unable to connect to the database.
#0 /Applications/MAMP/htdocs/Workspace/app-bde/api/vendor/codeigniter4/framework/system/Database/BaseConnection.php(646): CodeIgniter\Database\BaseConnection->initialize()
#1 /Applications/MAMP/htdocs/Workspace/app-bde/api/vendor/codeigniter4/framework/system/Database/BaseBuilder.php(1860): CodeIgniter\Database\BaseConnection->query('SELECT *\nFROM `...', Array, false)
#2 /Applications/MAMP/htdocs/Workspace/app-bde/api/vendor/codeigniter4/framework/system/Model.php(506): CodeIgniter\Database\BaseBuilder->get()
#3 /Applications/MAMP/htdocs/Workspace/app-bde/api/app/Controllers/Auth.php(101): CodeIgniter\Model->first()
#4 /Applications/MAMP/htdocs/Workspace/app-bde/api/vendor/codeigniter4/framework/system/CodeIgniter.php(918): App\Controllers\Auth->login()
#5 /Applications/MAMP/htdocs/Workspace/app-bde/api/vendor/codeigniter4/framework/system/CodeIgniter.php(404): CodeIgniter\CodeIgniter->runController(Object(App\Controllers\Auth))
#6 /Applications/MAMP/htdocs/Workspace/app-bde/api/vendor/codeigniter4/framework/system/CodeIgniter.php(312): CodeIgniter\CodeIgniter->handleRequest(NULL, Object(Config\Cache), false)
#7 /Applications/MAMP/htdocs/Workspace/app-bde/api/public/index.php(45): CodeIgniter\CodeIgniter->run()
#8 /Applications/MAMP/htdocs/Workspace/app-bde/api/vendor/codeigniter4/framework/system/Commands/Server/rewrite.php(34): require_once('/Applications/M...')
#9 {main}
CRITICAL - 2021-02-22 16:22:18 --> Unable to connect to the database.
#0 /Applications/MAMP/htdocs/Workspace/app-bde/api/vendor/codeigniter4/framework/system/Database/BaseConnection.php(646): CodeIgniter\Database\BaseConnection->initialize()
#1 /Applications/MAMP/htdocs/Workspace/app-bde/api/vendor/codeigniter4/framework/system/Database/BaseBuilder.php(1860): CodeIgniter\Database\BaseConnection->query('SELECT *\nFROM `...', Array, false)
#2 /Applications/MAMP/htdocs/Workspace/app-bde/api/vendor/codeigniter4/framework/system/Model.php(462): CodeIgniter\Database\BaseBuilder->get()
#3 /Applications/MAMP/htdocs/Workspace/app-bde/api/app/Controllers/Events.php(12): CodeIgniter\Model->findAll()
#4 /Applications/MAMP/htdocs/Workspace/app-bde/api/vendor/codeigniter4/framework/system/CodeIgniter.php(918): App\Controllers\Events->index()
#5 /Applications/MAMP/htdocs/Workspace/app-bde/api/vendor/codeigniter4/framework/system/CodeIgniter.php(404): CodeIgniter\CodeIgniter->runController(Object(App\Controllers\Events))
#6 /Applications/MAMP/htdocs/Workspace/app-bde/api/vendor/codeigniter4/framework/system/CodeIgniter.php(312): CodeIgniter\CodeIgniter->handleRequest(NULL, Object(Config\Cache), false)
#7 /Applications/MAMP/htdocs/Workspace/app-bde/api/public/index.php(45): CodeIgniter\CodeIgniter->run()
#8 /Applications/MAMP/htdocs/Workspace/app-bde/api/vendor/codeigniter4/framework/system/Commands/Server/rewrite.php(34): require_once('/Applications/M...')
#9 {main}
CRITICAL - 2021-02-22 16:22:20 --> Unable to connect to the database.
#0 /Applications/MAMP/htdocs/Workspace/app-bde/api/vendor/codeigniter4/framework/system/Database/BaseConnection.php(646): CodeIgniter\Database\BaseConnection->initialize()
#1 /Applications/MAMP/htdocs/Workspace/app-bde/api/vendor/codeigniter4/framework/system/Database/BaseBuilder.php(1860): CodeIgniter\Database\BaseConnection->query('SELECT *\nFROM `...', Array, false)
#2 /Applications/MAMP/htdocs/Workspace/app-bde/api/vendor/codeigniter4/framework/system/Model.php(462): CodeIgniter\Database\BaseBuilder->get()
#3 /Applications/MAMP/htdocs/Workspace/app-bde/api/app/Controllers/Events.php(12): CodeIgniter\Model->findAll()
#4 /Applications/MAMP/htdocs/Workspace/app-bde/api/vendor/codeigniter4/framework/system/CodeIgniter.php(918): App\Controllers\Events->index()
#5 /Applications/MAMP/htdocs/Workspace/app-bde/api/vendor/codeigniter4/framework/system/CodeIgniter.php(404): CodeIgniter\CodeIgniter->runController(Object(App\Controllers\Events))
#6 /Applications/MAMP/htdocs/Workspace/app-bde/api/vendor/codeigniter4/framework/system/CodeIgniter.php(312): CodeIgniter\CodeIgniter->handleRequest(NULL, Object(Config\Cache), false)
#7 /Applications/MAMP/htdocs/Workspace/app-bde/api/public/index.php(45): CodeIgniter\CodeIgniter->run()
#8 /Applications/MAMP/htdocs/Workspace/app-bde/api/vendor/codeigniter4/framework/system/Commands/Server/rewrite.php(34): require_once('/Applications/M...')
#9 {main}
CRITICAL - 2021-02-22 16:22:21 --> Unable to connect to the database.
#0 /Applications/MAMP/htdocs/Workspace/app-bde/api/vendor/codeigniter4/framework/system/Database/BaseConnection.php(646): CodeIgniter\Database\BaseConnection->initialize()
#1 /Applications/MAMP/htdocs/Workspace/app-bde/api/vendor/codeigniter4/framework/system/Database/BaseBuilder.php(1860): CodeIgniter\Database\BaseConnection->query('SELECT *\nFROM `...', Array, false)
#2 /Applications/MAMP/htdocs/Workspace/app-bde/api/vendor/codeigniter4/framework/system/Model.php(462): CodeIgniter\Database\BaseBuilder->get()
#3 /Applications/MAMP/htdocs/Workspace/app-bde/api/app/Controllers/Events.php(12): CodeIgniter\Model->findAll()
#4 /Applications/MAMP/htdocs/Workspace/app-bde/api/vendor/codeigniter4/framework/system/CodeIgniter.php(918): App\Controllers\Events->index()
#5 /Applications/MAMP/htdocs/Workspace/app-bde/api/vendor/codeigniter4/framework/system/CodeIgniter.php(404): CodeIgniter\CodeIgniter->runController(Object(App\Controllers\Events))
#6 /Applications/MAMP/htdocs/Workspace/app-bde/api/vendor/codeigniter4/framework/system/CodeIgniter.php(312): CodeIgniter\CodeIgniter->handleRequest(NULL, Object(Config\Cache), false)
#7 /Applications/MAMP/htdocs/Workspace/app-bde/api/public/index.php(45): CodeIgniter\CodeIgniter->run()
#8 /Applications/MAMP/htdocs/Workspace/app-bde/api/vendor/codeigniter4/framework/system/Commands/Server/rewrite.php(34): require_once('/Applications/M...')
#9 {main}
CRITICAL - 2021-02-22 16:22:21 --> Unable to connect to the database.
#0 /Applications/MAMP/htdocs/Workspace/app-bde/api/vendor/codeigniter4/framework/system/Database/BaseConnection.php(646): CodeIgniter\Database\BaseConnection->initialize()
#1 /Applications/MAMP/htdocs/Workspace/app-bde/api/vendor/codeigniter4/framework/system/Database/BaseBuilder.php(1860): CodeIgniter\Database\BaseConnection->query('SELECT *\nFROM `...', Array, false)
#2 /Applications/MAMP/htdocs/Workspace/app-bde/api/vendor/codeigniter4/framework/system/Model.php(462): CodeIgniter\Database\BaseBuilder->get()
#3 /Applications/MAMP/htdocs/Workspace/app-bde/api/app/Controllers/Events.php(12): CodeIgniter\Model->findAll()
#4 /Applications/MAMP/htdocs/Workspace/app-bde/api/vendor/codeigniter4/framework/system/CodeIgniter.php(918): App\Controllers\Events->index()
#5 /Applications/MAMP/htdocs/Workspace/app-bde/api/vendor/codeigniter4/framework/system/CodeIgniter.php(404): CodeIgniter\CodeIgniter->runController(Object(App\Controllers\Events))
#6 /Applications/MAMP/htdocs/Workspace/app-bde/api/vendor/codeigniter4/framework/system/CodeIgniter.php(312): CodeIgniter\CodeIgniter->handleRequest(NULL, Object(Config\Cache), false)
#7 /Applications/MAMP/htdocs/Workspace/app-bde/api/public/index.php(45): CodeIgniter\CodeIgniter->run()
#8 /Applications/MAMP/htdocs/Workspace/app-bde/api/vendor/codeigniter4/framework/system/Commands/Server/rewrite.php(34): require_once('/Applications/M...')
#9 {main}
CRITICAL - 2021-02-22 16:23:51 --> Unable to connect to the database.
#0 /Applications/MAMP/htdocs/Workspace/app-bde/api/vendor/codeigniter4/framework/system/Database/BaseConnection.php(646): CodeIgniter\Database\BaseConnection->initialize()
#1 /Applications/MAMP/htdocs/Workspace/app-bde/api/vendor/codeigniter4/framework/system/Database/BaseBuilder.php(1860): CodeIgniter\Database\BaseConnection->query('SELECT *\nFROM `...', Array, false)
#2 /Applications/MAMP/htdocs/Workspace/app-bde/api/vendor/codeigniter4/framework/system/Model.php(462): CodeIgniter\Database\BaseBuilder->get()
#3 /Applications/MAMP/htdocs/Workspace/app-bde/api/app/Controllers/Events.php(12): CodeIgniter\Model->findAll()
#4 /Applications/MAMP/htdocs/Workspace/app-bde/api/vendor/codeigniter4/framework/system/CodeIgniter.php(918): App\Controllers\Events->index()
#5 /Applications/MAMP/htdocs/Workspace/app-bde/api/vendor/codeigniter4/framework/system/CodeIgniter.php(404): CodeIgniter\CodeIgniter->runController(Object(App\Controllers\Events))
#6 /Applications/MAMP/htdocs/Workspace/app-bde/api/vendor/codeigniter4/framework/system/CodeIgniter.php(312): CodeIgniter\CodeIgniter->handleRequest(NULL, Object(Config\Cache), false)
#7 /Applications/MAMP/htdocs/Workspace/app-bde/api/public/index.php(45): CodeIgniter\CodeIgniter->run()
#8 /Applications/MAMP/htdocs/Workspace/app-bde/api/vendor/codeigniter4/framework/system/Commands/Server/rewrite.php(34): require_once('/Applications/M...')
#9 {main}
